<?xml version="1.0" encoding="UTF-8"?>
<!-- Generated by org.testng.reporters.JUnitReportReporter -->
<testsuite skipped="0" hostname="LAPTOP-N0G0NBDP" name="com.qa.Testcases.WikiPageTest" tests="4" failures="0" timestamp="12 Sep 2020 00:48:57 GMT" time="64.357" errors="0">
  <testcase name="verifywikipageTitle" time="15.487" classname="com.qa.Testcases.WikiPageTest"/>
  <testcase name="TestCreateAccountLink" time="19.202" classname="com.qa.Testcases.WikiPageTest"/>
  <testcase name="TestMainPageLink" time="12.706" classname="com.qa.Testcases.WikiPageTest"/>
  <testcase name="TestContactUs" time="16.962" classname="com.qa.Testcases.WikiPageTest"/>
</testsuite> <!-- com.qa.Testcases.WikiPageTest -->
