<?xml version="1.0" encoding="UTF-8"?>
<!-- Generated by org.testng.reporters.JUnitReportReporter -->
<testsuite skipped="0" hostname="LAPTOP-N0G0NBDP" name="com.qa.Testcases.LoginPageTest" tests="1" failures="0" timestamp="10 Sep 2020 22:36:36 GMT" time="32.062" errors="0">
  <testcase name="testlogin" time="32.062" classname="com.qa.Testcases.LoginPageTest"/>
</testsuite> <!-- com.qa.Testcases.LoginPageTest -->
