<?xml version="1.0" encoding="UTF-8"?>
<!-- Generated by org.testng.reporters.JUnitReportReporter -->
<testsuite skipped="0" hostname="LAPTOP-N0G0NBDP" name="com.qa.Testcases.SearchPageTest" tests="2" failures="0" timestamp="12 Sep 2020 00:46:12 GMT" time="22.632" errors="0">
  <testcase name="TestValidatePageTitle" time="10.861" classname="com.qa.Testcases.SearchPageTest"/>
  <testcase name="testsearchBox" time="11.771" classname="com.qa.Testcases.SearchPageTest"/>
</testsuite> <!-- com.qa.Testcases.SearchPageTest -->
