<?xml version="1.0" encoding="UTF-8"?>
<!-- Generated by org.testng.reporters.JUnitReportReporter -->
<testsuite skipped="0" hostname="LAPTOP-N0G0NBDP" name="com.qa.Testcases.CreateAccountTest" tests="2" failures="0" timestamp="10 Sep 2020 10:29:10 GMT" time="33.208" errors="0">
  <testcase name="TestNewAccountCreate" time="20.560" classname="com.qa.Testcases.CreateAccountTest"/>
  <testcase name="testloginLinkClick" time="12.648" classname="com.qa.Testcases.CreateAccountTest"/>
</testsuite> <!-- com.qa.Testcases.CreateAccountTest -->
