<?xml version="1.0" encoding="UTF-8"?>
<!-- Generated by org.testng.reporters.JUnitReportReporter -->
<testsuite skipped="0" hostname="LAPTOP-N0G0NBDP" name="com.qa.testcasesBeginners.BeginnerWikiPageTest" tests="4" failures="0" timestamp="14 Sep 2020 15:18:03 GMT" time="59.364" errors="0">
  <testcase name="verifywikipageTitle" time="11.249" classname="com.qa.testcasesBeginners.BeginnerWikiPageTest"/>
  <testcase name="TestCreateAccountLink" time="16.042" classname="com.qa.testcasesBeginners.BeginnerWikiPageTest"/>
  <testcase name="TestMainPageLink" time="14.668" classname="com.qa.testcasesBeginners.BeginnerWikiPageTest"/>
  <testcase name="TestContactUs" time="17.405" classname="com.qa.testcasesBeginners.BeginnerWikiPageTest"/>
</testsuite> <!-- com.qa.testcasesBeginners.BeginnerWikiPageTest -->
